<?xml version="1.0" encoding="UTF-8"?>
<testng-results ignored="0" total="2" passed="2" failed="0" skipped="0">
  <reporter-output>
  </reporter-output>
  <suite started-at="2025-11-20T13:57:16 IST" name="Suite" finished-at="2025-11-20T13:57:37 IST" duration-ms="21360">
    <groups>
      <group name="regression">
        <method signature="TC_001_AccountRegistrationTest.verifyRegister()[pri:0, instance:testCases.TC_001_AccountRegistrationTest@5f9678e1]" name="verifyRegister" class="testCases.TC_001_AccountRegistrationTest"/>
      </group> <!-- regression -->
      <group name="sanity">
        <method signature="TC_002_LoginTest.verify_Login()[pri:0, instance:testCases.TC_002_LoginTest@5ccbeb64]" name="verify_Login" class="testCases.TC_002_LoginTest"/>
      </group> <!-- sanity -->
      <group name="master">
        <method signature="TC_001_AccountRegistrationTest.verifyRegister()[pri:0, instance:testCases.TC_001_AccountRegistrationTest@5f9678e1]" name="verifyRegister" class="testCases.TC_001_AccountRegistrationTest"/>
        <method signature="TC_002_LoginTest.verify_Login()[pri:0, instance:testCases.TC_002_LoginTest@5ccbeb64]" name="verify_Login" class="testCases.TC_002_LoginTest"/>
      </group> <!-- master -->
    </groups>
    <test started-at="2025-11-20T13:57:16 IST" name="Test" finished-at="2025-11-20T13:57:37 IST" duration-ms="21360">
      <class name="testCases.TC_001_AccountRegistrationTest">
        <test-method is-config="true" signature="setUp(java.lang.String,java.lang.String)[pri:0, instance:testCases.TC_001_AccountRegistrationTest@5f9678e1]" started-at="2025-11-20T13:57:16 IST" name="setUp" finished-at="2025-11-20T13:57:23 IST" duration-ms="6592" status="PASS">
          <params>
            <param index="0">
              <value>
                <![CDATA[windows]]>
              </value>
            </param>
            <param index="1">
              <value>
                <![CDATA[chrome]]>
              </value>
            </param>
          </params>
          <reporter-output>
          </reporter-output>
        </test-method> <!-- setUp -->
        <test-method signature="verifyRegister()[pri:0, instance:testCases.TC_001_AccountRegistrationTest@5f9678e1]" started-at="2025-11-20T13:57:23 IST" name="verifyRegister" finished-at="2025-11-20T13:57:28 IST" duration-ms="5014" status="PASS">
          <reporter-output>
          </reporter-output>
        </test-method> <!-- verifyRegister -->
        <test-method is-config="true" signature="tearDown()[pri:0, instance:testCases.TC_001_AccountRegistrationTest@5f9678e1]" started-at="2025-11-20T13:57:28 IST" name="tearDown" finished-at="2025-11-20T13:57:28 IST" duration-ms="396" status="PASS">
          <reporter-output>
          </reporter-output>
        </test-method> <!-- tearDown -->
      </class> <!-- testCases.TC_001_AccountRegistrationTest -->
      <class name="testCases.TC_002_LoginTest">
        <test-method is-config="true" signature="setUp(java.lang.String,java.lang.String)[pri:0, instance:testCases.TC_002_LoginTest@5ccbeb64]" started-at="2025-11-20T13:57:28 IST" name="setUp" finished-at="2025-11-20T13:57:34 IST" duration-ms="5848" status="PASS">
          <params>
            <param index="0">
              <value>
                <![CDATA[windows]]>
              </value>
            </param>
            <param index="1">
              <value>
                <![CDATA[chrome]]>
              </value>
            </param>
          </params>
          <reporter-output>
          </reporter-output>
        </test-method> <!-- setUp -->
        <test-method signature="verify_Login()[pri:0, instance:testCases.TC_002_LoginTest@5ccbeb64]" started-at="2025-11-20T13:57:34 IST" name="verify_Login" finished-at="2025-11-20T13:57:37 IST" duration-ms="2740" status="PASS">
          <reporter-output>
          </reporter-output>
        </test-method> <!-- verify_Login -->
        <test-method is-config="true" signature="tearDown()[pri:0, instance:testCases.TC_002_LoginTest@5ccbeb64]" started-at="2025-11-20T13:57:37 IST" name="tearDown" finished-at="2025-11-20T13:57:37 IST" duration-ms="381" status="PASS">
          <reporter-output>
          </reporter-output>
        </test-method> <!-- tearDown -->
      </class> <!-- testCases.TC_002_LoginTest -->
    </test> <!-- Test -->
  </suite> <!-- Suite -->
</testng-results>
