<?xml version="1.0" encoding="UTF-8"?>
<!-- Generated by org.testng.reporters.JUnitXMLReporter -->
<testsuite ignored="1" hostname="Purple" failures="0" tests="1" name="Test" time="11.074" errors="0" timestamp="2025-11-19T08:11:45 IST">
  <testcase classname="testCases.TC_001_AccountRegistrationTest" name="verifyRegister" time="5.096"/>
  <testcase classname="testCases.TC_002_LoginTest" name="verify_Login" time="0.0">
    <ignored/>
  </testcase> <!-- verify_Login -->
</testsuite> <!-- Test -->
